Mplus VERSION 8
MUTHEN & MUTHEN
09/25/2017  10:50 AM

INPUT INSTRUCTIONS

  TITLE: Learning Check 1 Path Analysis Syntax
  DATA: FILE IS 'C:/Users/dishopch/Desktop/SexHar_Data.dat';
         FORMAT is 8F3.0;

  VARIABLE: NAMES ARE
  SexHar
  CwkrSat
  SupSat
  WorkSat
  PsychWell
  HealthSat
  OTSH
  JobGend;

  USEVARIABLES are
  SexHar
  CwkrSat
  SupSat
  WorkSat
  PsychWell
  HealthSat
  OTSH
  JobGend;

  MISSING = BLANK;

  ANALYSIS: ITERATIONS = 10000;

  MODEL: CwkrSat ON SexHar;
         SupSat ON SexHar;
         WorkSat ON SexHar;
         PsychWell ON SexHar;
         HealthSat ON SexHar;

         SexHar ON OTSH;
         SexHar ON JobGend;


  OUTPUT: STAND;
          MODINDICES;
          RES;







*** WARNING in VARIABLE command
  Note that only the first 8 characters of variable names are used in the output.
  Shorten variable names to avoid any confusion.
   1 WARNING(S) FOUND IN THE INPUT INSTRUCTIONS



Learning Check 1 Path Analysis Syntax

SUMMARY OF ANALYSIS

Number of groups                                                 1
Number of observations                                        4830

Number of dependent variables                                    6
Number of independent variables                                  2
Number of continuous latent variables                            0

Observed dependent variables

  Continuous
   SEXHAR      CWKRSAT     SUPSAT      WORKSAT     PSYCHWELL   HEALTHSAT

Observed independent variables
   OTSH        JOBGEND


Estimator                                                       ML
Information matrix                                        OBSERVED
Maximum number of iterations                                 10000
Convergence criterion                                    0.500D-04
Maximum number of steepest descent iterations                   20
Maximum number of iterations for H1                           2000
Convergence criterion for H1                             0.100D-03

Input data file(s)
  C:/Users/dishopch/Desktop/SexHar_Data.dat

Input data format
  (8F3.0)


SUMMARY OF DATA

     Number of missing data patterns             1


COVARIANCE COVERAGE OF DATA

Minimum covariance coverage value   0.100


     PROPORTION OF DATA PRESENT


           Covariance Coverage
              SEXHAR        CWKRSAT       SUPSAT        WORKSAT       PSYCHWEL
              ________      ________      ________      ________      ________
 SEXHAR         1.000
 CWKRSAT        1.000         1.000
 SUPSAT         1.000         1.000         1.000
 WORKSAT        1.000         1.000         1.000         1.000
 PSYCHWEL       1.000         1.000         1.000         1.000         1.000
 HEALTHSA       1.000         1.000         1.000         1.000         1.000
 OTSH           1.000         1.000         1.000         1.000         1.000
 JOBGEND        1.000         1.000         1.000         1.000         1.000


           Covariance Coverage
              HEALTHSA      OTSH          JOBGEND
              ________      ________      ________
 HEALTHSA       1.000
 OTSH           1.000         1.000
 JOBGEND        1.000         1.000         1.000



UNIVARIATE SAMPLE STATISTICS


     UNIVARIATE HIGHER-ORDER MOMENT DESCRIPTIVE STATISTICS

         Variable/         Mean/     Skewness/   Minimum/ % with                Percentiles
        Sample Size      Variance    Kurtosis    Maximum  Min/Max      20%/60%    40%/80%    Median

     SEXHAR                3.877       2.525      -9.000    2.65%       0.000      0.000      1.000
            4830.000      53.089       9.579      60.000    0.04%       2.000      7.000
     CWKRSAT              20.927      -1.931      -9.000    1.76%      17.000     21.000     22.000
            4830.000      41.500       6.403      30.000    5.88%      24.000     24.000
     SUPSAT               24.623      -1.179      -9.000   14.06%      17.000     26.000     29.000
            4830.000     241.195       0.381      45.000    1.97%      32.000     36.000
     WORKSAT              20.931      -1.346      -9.000    1.28%      16.000     21.000     22.000
            4830.000      47.487       3.138      30.000    9.40%      24.000     26.000
     PSYCHWELL            26.305      -3.186      -9.000    2.01%      24.000     27.000     28.000
            4830.000      45.096      13.169      32.000   10.48%      29.000     30.000
     HEALTHSAT            27.646      -2.016       9.000    2.63%      25.000     28.000     29.000
            4830.000      24.106       4.414      32.000   18.51%      30.000     31.000
     OTSH                 20.122      -1.032      -9.000    4.74%      14.000     20.000     20.000
            4830.000      87.455       2.554      50.000    0.10%      22.000     27.000
     JOBGEND              -0.096      -0.027      -9.000    1.99%      -2.000      0.000      0.000
            4830.000       8.766       0.810       7.000    1.35%       0.000      3.000


THE MODEL ESTIMATION TERMINATED NORMALLY



MODEL FIT INFORMATION

Number of Free Parameters                       29

Loglikelihood

          H0 Value                      -97792.416
          H1 Value                      -97688.846

Information Criteria

          Akaike (AIC)                  195642.831
          Bayesian (BIC)                195830.827
          Sample-Size Adjusted BIC      195738.675
            (n* = (n + 2) / 24)

Chi-Square Test of Model Fit

          Value                            207.139
          Degrees of Freedom                    10
          P-Value                           0.0000

RMSEA (Root Mean Square Error Of Approximation)

          Estimate                           0.064
          90 Percent C.I.                    0.056  0.072
          Probability RMSEA <= .05           0.001

CFI/TLI

          CFI                                0.933
          TLI                                0.818

Chi-Square Test of Model Fit for the Baseline Model

          Value                           2952.759
          Degrees of Freedom                    27
          P-Value                           0.0000

SRMR (Standardized Root Mean Square Residual)

          Value                              0.035



MODEL RESULTS

                                                    Two-Tailed
                    Estimate       S.E.  Est./S.E.    P-Value

 CWKRSAT  ON
    SEXHAR            -0.191      0.012    -15.413      0.000

 SUPSAT   ON
    SEXHAR            -0.266      0.030     -8.750      0.000

 WORKSAT  ON
    SEXHAR            -0.174      0.013    -13.031      0.000

 PSYCHWEL ON
    SEXHAR            -0.175      0.013    -13.429      0.000

 HEALTHSA ON
    SEXHAR            -0.088      0.010     -9.201      0.000

 SEXHAR   ON
    OTSH               0.209      0.011     19.590      0.000
    JOBGEND            0.330      0.034      9.770      0.000

 SUPSAT   WITH
    CWKRSAT           21.728      1.429     15.204      0.000

 WORKSAT  WITH
    CWKRSAT           10.728      0.632     16.973      0.000
    SUPSAT            22.554      1.536     14.680      0.000

 PSYCHWEL WITH
    CWKRSAT            6.873      0.605     11.364      0.000
    SUPSAT            12.524      1.473      8.503      0.000
    WORKSAT            9.062      0.656     13.821      0.000

 HEALTHSA WITH
    CWKRSAT            2.573      0.442      5.821      0.000
    SUPSAT             4.854      1.081      4.488      0.000
    WORKSAT            4.586      0.479      9.576      0.000
    PSYCHWELL         10.048      0.484     20.766      0.000

 Intercepts
    SEXHAR            -0.304      0.237     -1.282      0.200
    CWKRSAT           21.669      0.103    211.397      0.000
    SUPSAT            25.655      0.251    102.152      0.000
    WORKSAT           21.607      0.110    195.729      0.000
    PSYCHWELL         26.982      0.107    251.084      0.000
    HEALTHSAT         27.989      0.079    352.813      0.000

 Residual Variances
    SEXHAR            48.083      0.978     49.143      0.000
    CWKRSAT           39.554      0.805     49.143      0.000
    SUPSAT           237.432      4.831     49.143      0.000
    WORKSAT           45.874      0.933     49.143      0.000
    PSYCHWELL         43.473      0.885     49.143      0.000
    HEALTHSAT         23.690      0.482     49.143      0.000


STANDARDIZED MODEL RESULTS


STDYX Standardization

                                                    Two-Tailed
                    Estimate       S.E.  Est./S.E.    P-Value

 CWKRSAT  ON
    SEXHAR            -0.217      0.014    -15.788      0.000

 SUPSAT   ON
    SEXHAR            -0.125      0.014     -8.819      0.000

 WORKSAT  ON
    SEXHAR            -0.184      0.014    -13.258      0.000

 PSYCHWEL ON
    SEXHAR            -0.190      0.014    -13.678      0.000

 HEALTHSA ON
    SEXHAR            -0.131      0.014     -9.281      0.000

 SEXHAR   ON
    OTSH               0.269      0.013     20.320      0.000
    JOBGEND            0.134      0.014      9.852      0.000

 SUPSAT   WITH
    CWKRSAT            0.224      0.014     16.407      0.000

 WORKSAT  WITH
    CWKRSAT            0.252      0.013     18.688      0.000
    SUPSAT             0.216      0.014     15.755      0.000

 PSYCHWEL WITH
    CWKRSAT            0.166      0.014     11.844      0.000
    SUPSAT             0.123      0.014      8.699      0.000
    WORKSAT            0.203      0.014     14.708      0.000

 HEALTHSA WITH
    CWKRSAT            0.084      0.014      5.884      0.000
    SUPSAT             0.065      0.014      4.517      0.000
    WORKSAT            0.139      0.014      9.860      0.000
    PSYCHWELL          0.313      0.013     24.126      0.000

 Intercepts
    SEXHAR            -0.042      0.032     -1.287      0.198
    CWKRSAT            3.364      0.036     94.331      0.000
    SUPSAT             1.652      0.022     73.932      0.000
    WORKSAT            3.135      0.034     92.405      0.000
    PSYCHWELL          4.018      0.042     95.627      0.000
    HEALTHSAT          5.701      0.059     96.869      0.000

 Residual Variances
    SEXHAR             0.906      0.008    113.164      0.000
    CWKRSAT            0.953      0.006    160.489      0.000
    SUPSAT             0.984      0.004    278.184      0.000
    WORKSAT            0.966      0.005    188.555      0.000
    PSYCHWELL          0.964      0.005    183.159      0.000
    HEALTHSAT          0.983      0.004    264.770      0.000


STDY Standardization

                                                    Two-Tailed
                    Estimate       S.E.  Est./S.E.    P-Value

 CWKRSAT  ON
    SEXHAR            -0.217      0.014    -15.788      0.000

 SUPSAT   ON
    SEXHAR            -0.125      0.014     -8.819      0.000

 WORKSAT  ON
    SEXHAR            -0.184      0.014    -13.258      0.000

 PSYCHWEL ON
    SEXHAR            -0.190      0.014    -13.678      0.000

 HEALTHSA ON
    SEXHAR            -0.131      0.014     -9.281      0.000

 SEXHAR   ON
    OTSH               0.029      0.001     20.698      0.000
    JOBGEND            0.045      0.005      9.900      0.000

 SUPSAT   WITH
    CWKRSAT            0.224      0.014     16.407      0.000

 WORKSAT  WITH
    CWKRSAT            0.252      0.013     18.688      0.000
    SUPSAT             0.216      0.014     15.755      0.000

 PSYCHWEL WITH
    CWKRSAT            0.166      0.014     11.844      0.000
    SUPSAT             0.123      0.014      8.699      0.000
    WORKSAT            0.203      0.014     14.708      0.000

 HEALTHSA WITH
    CWKRSAT            0.084      0.014      5.884      0.000
    SUPSAT             0.065      0.014      4.517      0.000
    WORKSAT            0.139      0.014      9.860      0.000
    PSYCHWELL          0.313      0.013     24.126      0.000

 Intercepts
    SEXHAR            -0.042      0.032     -1.287      0.198
    CWKRSAT            3.364      0.036     94.331      0.000
    SUPSAT             1.652      0.022     73.932      0.000
    WORKSAT            3.135      0.034     92.405      0.000
    PSYCHWELL          4.018      0.042     95.627      0.000
    HEALTHSAT          5.701      0.059     96.869      0.000

 Residual Variances
    SEXHAR             0.906      0.008    113.164      0.000
    CWKRSAT            0.953      0.006    160.489      0.000
    SUPSAT             0.984      0.004    278.184      0.000
    WORKSAT            0.966      0.005    188.555      0.000
    PSYCHWELL          0.964      0.005    183.159      0.000
    HEALTHSAT          0.983      0.004    264.770      0.000


STD Standardization

                                                    Two-Tailed
                    Estimate       S.E.  Est./S.E.    P-Value

 CWKRSAT  ON
    SEXHAR            -0.191      0.012    -15.413      0.000

 SUPSAT   ON
    SEXHAR            -0.266      0.030     -8.750      0.000

 WORKSAT  ON
    SEXHAR            -0.174      0.013    -13.031      0.000

 PSYCHWEL ON
    SEXHAR            -0.175      0.013    -13.429      0.000

 HEALTHSA ON
    SEXHAR            -0.088      0.010     -9.201      0.000

 SEXHAR   ON
    OTSH               0.209      0.011     19.590      0.000
    JOBGEND            0.330      0.034      9.770      0.000

 SUPSAT   WITH
    CWKRSAT           21.728      1.429     15.204      0.000

 WORKSAT  WITH
    CWKRSAT           10.728      0.632     16.973      0.000
    SUPSAT            22.554      1.536     14.680      0.000

 PSYCHWEL WITH
    CWKRSAT            6.873      0.605     11.364      0.000
    SUPSAT            12.524      1.473      8.503      0.000
    WORKSAT            9.062      0.656     13.821      0.000

 HEALTHSA WITH
    CWKRSAT            2.573      0.442      5.821      0.000
    SUPSAT             4.854      1.081      4.488      0.000
    WORKSAT            4.586      0.479      9.576      0.000
    PSYCHWELL         10.048      0.484     20.766      0.000

 Intercepts
    SEXHAR            -0.304      0.237     -1.282      0.200
    CWKRSAT           21.669      0.103    211.397      0.000
    SUPSAT            25.655      0.251    102.152      0.000
    WORKSAT           21.607      0.110    195.729      0.000
    PSYCHWELL         26.982      0.107    251.084      0.000
    HEALTHSAT         27.989      0.079    352.813      0.000

 Residual Variances
    SEXHAR            48.083      0.978     49.143      0.000
    CWKRSAT           39.554      0.805     49.143      0.000
    SUPSAT           237.432      4.831     49.143      0.000
    WORKSAT           45.874      0.933     49.143      0.000
    PSYCHWELL         43.473      0.885     49.143      0.000
    HEALTHSAT         23.690      0.482     49.143      0.000


R-SQUARE

    Observed                                        Two-Tailed
    Variable        Estimate       S.E.  Est./S.E.    P-Value

    SEXHAR             0.094      0.008     11.781      0.000
    CWKRSAT            0.047      0.006      7.894      0.000
    SUPSAT             0.016      0.004      4.409      0.000
    WORKSAT            0.034      0.005      6.629      0.000
    PSYCHWEL           0.036      0.005      6.839      0.000
    HEALTHSA           0.017      0.004      4.641      0.000


QUALITY OF NUMERICAL RESULTS

     Condition Number for the Information Matrix              0.835E-04
       (ratio of smallest to largest eigenvalue)


RESIDUAL OUTPUT


     ESTIMATED MODEL AND RESIDUALS (OBSERVED - ESTIMATED)


           Model Estimated Means/Intercepts/Thresholds
              SEXHAR        CWKRSAT       SUPSAT        WORKSAT       PSYCHWEL
              ________      ________      ________      ________      ________
                3.877        20.927        24.623        20.931        26.305


           Model Estimated Means/Intercepts/Thresholds
              HEALTHSA      OTSH          JOBGEND
              ________      ________      ________
               27.646        20.122        -0.096


           Residuals for Means/Intercepts/Thresholds
              SEXHAR        CWKRSAT       SUPSAT        WORKSAT       PSYCHWEL
              ________      ________      ________      ________      ________
                0.000         0.000         0.000         0.000         0.000


           Residuals for Means/Intercepts/Thresholds
              HEALTHSA      OTSH          JOBGEND
              ________      ________      ________
                0.000         0.000         0.000


           Standardized Residuals (z-scores) for Means/Intercepts/Thresholds
              SEXHAR        CWKRSAT       SUPSAT        WORKSAT       PSYCHWEL
              ________      ________      ________      ________      ________
                0.000         0.195         0.354         0.282       999.000


           Standardized Residuals (z-scores) for Means/Intercepts/Thresholds
              HEALTHSA      OTSH          JOBGEND
              ________      ________      ________
                0.204         0.000         0.000


           Normalized Residuals for Means/Intercepts/Thresholds
              SEXHAR        CWKRSAT       SUPSAT        WORKSAT       PSYCHWEL
              ________      ________      ________      ________      ________
                0.000         0.000         0.000         0.000         0.000


           Normalized Residuals for Means/Intercepts/Thresholds
              HEALTHSA      OTSH          JOBGEND
              ________      ________      ________
                0.000         0.000         0.000


           Model Estimated Covariances/Correlations/Residual Correlations
              SEXHAR        CWKRSAT       SUPSAT        WORKSAT       PSYCHWEL
              ________      ________      ________      ________      ________
 SEXHAR        53.089
 CWKRSAT      -10.163        41.500
 SUPSAT       -14.135        24.434       241.195
 WORKSAT       -9.253        12.499        25.018        47.487
 PSYCHWEL      -9.283         8.650        14.995        10.680        45.096
 HEALTHSA      -4.695         3.472         6.104         5.405        10.869
 OTSH          18.833        -3.605        -5.014        -3.282        -3.293
 JOBGEND        3.223        -0.617        -0.858        -0.562        -0.564


           Model Estimated Covariances/Correlations/Residual Correlations
              HEALTHSA      OTSH          JOBGEND
              ________      ________      ________
 HEALTHSA      24.106
 OTSH          -1.666        87.455
 JOBGEND       -0.285         1.587         8.766


           Residuals for Covariances/Correlations/Residual Correlations
              SEXHAR        CWKRSAT       SUPSAT        WORKSAT       PSYCHWEL
              ________      ________      ________      ________      ________
 SEXHAR         0.000
 CWKRSAT        0.000         0.000
 SUPSAT         0.000         0.001         0.000
 WORKSAT        0.000         0.000         0.000         0.000
 PSYCHWEL       0.000         0.000        -0.001         0.000         0.000
 HEALTHSA       0.000         0.000         0.000         0.000         0.000
 OTSH           0.000        -7.870       -17.112        -8.805        -2.231
 JOBGEND        0.000         1.033         0.283         0.074        -0.214


           Residuals for Covariances/Correlations/Residual Correlations
              HEALTHSA      OTSH          JOBGEND
              ________      ________      ________
 HEALTHSA       0.000
 OTSH          -1.076         0.000
 JOBGEND       -0.108         0.000         0.000


           Standardized Residuals (z-scores) for Covariances/Correlations/Residual Corr
              SEXHAR        CWKRSAT       SUPSAT        WORKSAT       PSYCHWEL
              ________      ________      ________      ________      ________
 SEXHAR         0.021
 CWKRSAT        0.018         0.019
 SUPSAT        -0.057         0.177         0.015
 WORKSAT       -0.017         0.053         0.078         0.018
 PSYCHWEL     999.000       999.000       999.000         0.000       999.000
 HEALTHSA       0.243         0.023        -0.132        -0.044       999.000
 OTSH           0.103        -9.502        -8.485        -9.874        -2.610
 JOBGEND        0.000         3.899         0.436         0.258        -0.771


           Standardized Residuals (z-scores) for Covariances/Correlations/Residual Corr
              HEALTHSA      OTSH          JOBGEND
              ________      ________      ________
 HEALTHSA       0.036
 OTSH          -1.707         0.000
 JOBGEND       -0.528         0.000         0.000


           Normalized Residuals for Covariances/Correlations/Residual Correlations
              SEXHAR        CWKRSAT       SUPSAT        WORKSAT       PSYCHWEL
              ________      ________      ________      ________      ________
 SEXHAR         0.000
 CWKRSAT        0.000         0.000
 SUPSAT         0.000         0.001         0.000
 WORKSAT        0.000         0.000         0.000         0.000
 PSYCHWEL       0.000         0.000         0.000         0.000         0.000
 HEALTHSA       0.000         0.000         0.000         0.000         0.000
 OTSH           0.000        -8.919        -8.095        -9.333        -2.460
 JOBGEND        0.000         3.762         0.427         0.251        -0.749


           Normalized Residuals for Covariances/Correlations/Residual Correlations
              HEALTHSA      OTSH          JOBGEND
              ________      ________      ________
 HEALTHSA       0.000
 OTSH          -1.625         0.000
 JOBGEND       -0.517         0.000         0.000


MODEL MODIFICATION INDICES

NOTE:  Modification indices for direct effects of observed dependent variables
regressed on covariates may not be included.  To include these, request
MODINDICES (ALL).

Minimum M.I. value for printing the modification index    10.000

                                   M.I.     E.P.C.  Std E.P.C.  StdYX E.P.C.

ON Statements

SEXHAR   ON CWKRSAT               46.008     0.350      0.350        0.310
SEXHAR   ON SUPSAT                54.617     0.156      0.156        0.332
SEXHAR   ON WORKSAT               76.838     0.421      0.421        0.398
CWKRSAT  ON OTSH                  40.157    -0.060     -0.060       -0.088
CWKRSAT  ON JOBGEND               16.640     0.119      0.119        0.055
SUPSAT   ON OTSH                  28.728    -0.127     -0.127       -0.076
WORKSAT  ON OTSH                  46.962    -0.070     -0.070       -0.095

WITH Statements

CWKRSAT  WITH SEXHAR              14.065     7.253      7.253        0.166
SUPSAT   WITH SEXHAR              23.480    23.255     23.255        0.218
WORKSAT  WITH SEXHAR              39.110    12.931     12.931        0.275
OTSH     WITH CWKRSAT             43.202    -5.455     -5.455       -0.093
OTSH     WITH SUPSAT              28.537   -11.003    -11.003       -0.076
OTSH     WITH WORKSAT             46.543    -6.054     -6.054       -0.096
JOBGEND  WITH CWKRSAT             19.622     1.131      1.131        0.061


DIAGRAM INFORMATION

  Use View Diagram under the Diagram menu in the Mplus Editor to view the diagram.
  If running Mplus from the Mplus Diagrammer, the diagram opens automatically.

  Diagram output
    c:\users\dishopch\desktop\learning_check1_syntax.dgm

     Beginning Time:  10:50:05
        Ending Time:  10:50:05
       Elapsed Time:  00:00:00



MUTHEN & MUTHEN
3463 Stoner Ave.
Los Angeles, CA  90066

Tel: (310) 391-9971
Fax: (310) 391-8971
Web: www.StatModel.com
Support: Support@StatModel.com

Copyright (c) 1998-2017 Muthen & Muthen
